[LOG] System::create                           : Header version = 1.10.10. Current version = 1.10.10.
[LOG] Manager::init                            : maxchannels = 256 studioflags = 00000006 flags 00000000 extradriverdata 0x0.
[LOG] SystemI::init                            : Initialize version=11010 (98815), maxchannels=256, flags=0x00020000
[LOG] SystemI::setOutputInternal               : Setting output to 'FMOD Core Audio Output'
[LOG] OutputCoreAudio::enumerate               : Enumerating...
[LOG] OutputCoreAudio::enumerate               : Found output driver: "Built-in Output".
[LOG] OutputCoreAudio::enumerate               : Done.
[LOG] OutputCoreAudio::init                    : Output running 2 channels at 44100Hz sample rate.
[LOG] OutputCoreAudio::init                    : Maximum hardware read size: 1024 samples, Software buffer size: 512 samples, Number of software buffers: 4.
[WRN] SystemI::init                            : Output requires a sample rate of 44100Hz, resampling will occur.
[LOG] Thread::initThread                       : Init FMOD stream thread. Priority: 2, Stack Size: 65536, Semaphore: No, Sleep Time: 10, Looping: Yes.
[LOG] Thread::initThread                       : Init FMOD mixer thread. Priority: 3, Stack Size: 49152, Semaphore: Yes, Sleep Time: 0, Looping: Yes.
[LOG] AsyncManager::init                       : manager 0x1295c7008 isAsync 0 updatePeriod 0.02
[LOG] AsyncManager::init                       : done
[LOG] PlaybackSystem::init                     : 
[LOG] Thread::initThread                       : Init FMOD Studio sample load thread. Priority: 0, Stack Size: 65536, Semaphore: No, Sleep Time: 1, Looping: No.
[LOG] PlaybackSystem::init                     : done
[LOG] Thread::initThread                       : Init FMOD Studio bank load thread. Priority: 0, Stack Size: 65536, Semaphore: No, Sleep Time: 1, Looping: No.
[LOG] Manager::init                            : done.
[LOG] Manager::readBank                        : fileversion = 103, compatVersion = 99 (oldest = 44, newest = 103)
[LOG] Manager::readBank                        : fileversion = 103, compatVersion = 99 (oldest = 44, newest = 103)
[LOG] Manager::readBank                        : fileversion = 103, compatVersion = 99 (oldest = 44, newest = 103)
[LOG] Manager::readBank                        : fileversion = 103, compatVersion = 99 (oldest = 44, newest = 103)
[LOG] Manager::readBank                        : fileversion = 103, compatVersion = 99 (oldest = 44, newest = 103)
[LOG] Manager::readBank                        : fileversion = 103, compatVersion = 99 (oldest = 44, newest = 103)
[LOG] PlaybackSystem::acquireMasterBus         : Setting master channel group format to 6
[LOG] SystemI::createSoundInternal             : Create name='', mode=0x02000202
[LOG] SystemI::createSoundInternal             : exinfo->cbsize             = 232
[LOG] SystemI::createSoundInternal             : exinfo->length             = 965408
[LOG] SystemI::createSoundInternal             : exinfo->fileoffset         = 27360
[LOG] SystemI::createSoundInternal             : exinfo->numsubsounds       = 1
[LOG] SystemI::createSoundInternal             : exinfo->inclusionlist      = 0x70000e74a7bc
[LOG] SystemI::createSoundInternal             : exinfo->inclusionlistnum   = 1
[LOG] SystemI::createSoundInternal             : exinfo->suggestedsoundtype = 5
[LOG] SystemI::createSoundInternal             : exinfo->useropen           = 0x1491fd885
[LOG] SystemI::createSoundInternal             : exinfo->userclose          = 0x1491fd941
[LOG] SystemI::createSoundInternal             : exinfo->userread           = 0x1491fd971
[LOG] SystemI::createSoundInternal             : exinfo->userseek           = 0x1491fda0e
[LOG] SystemI::createSoundInternal             : exinfo->fileuserdata       = 0x14b1ca5a8
[LOG] SystemI::createSoundInternal             : exinfo->initialseekpostype = 1
[LOG] SystemI::DSPCodecPoolRegister            : register codec pool for pool type 5
[LOG] SystemI::createSoundInternal             : Sample 0/1: name='table_overturned', format=2, channels=2, frequency=48000, lengthbytes=20000, lengthpcm=59798, pcmblocksize=0, loopstart=0, loopend=0, mode=0x00000000, channelmask=0x00000000, channelorder=0, peakvolume=0.999908.
[LOG] SystemI::createSoundInternal             : Create name='', mode=0x02000202
[LOG] SystemI::createSoundInternal             : exinfo->cbsize             = 232
[LOG] SystemI::createSoundInternal             : exinfo->length             = 965408
[LOG] SystemI::createSoundInternal             : exinfo->fileoffset         = 27360
[LOG] SystemI::createSoundInternal             : exinfo->numsubsounds       = 1
[LOG] SystemI::createSoundInternal             : exinfo->inclusionlist      = 0x70000e74a7bc
[LOG] SystemI::createSoundInternal             : exinfo->inclusionlistnum   = 1
[LOG] SystemI::createSoundInternal             : exinfo->suggestedsoundtype = 5
[LOG] SystemI::createSoundInternal             : exinfo->useropen           = 0x1491fd885
[LOG] SystemI::createSoundInternal             : exinfo->userclose          = 0x1491fd941
[LOG] SystemI::createSoundInternal             : exinfo->userread           = 0x1491fd971
[LOG] SystemI::createSoundInternal             : exinfo->userseek           = 0x1491fda0e
[LOG] SystemI::createSoundInternal             : exinfo->fileuserdata       = 0x14b1ca5a8
[LOG] SystemI::createSoundInternal             : exinfo->initialseekpostype = 1
[LOG] SystemI::DSPCodecPoolRegister            : register codec pool for pool type 5
[LOG] SystemI::createSoundInternal             : Sample 0/1: name='thunk_7', format=2, channels=1, frequency=48000, lengthbytes=7264, lengthpcm=41798, pcmblocksize=0, loopstart=0, loopend=0, mode=0x00000000, channelmask=0x00000000, channelorder=0, peakvolume=0.388977.
[LOG] SystemI::createSoundInternal             : Create name='', mode=0x02000202
[LOG] SystemI::createSoundInternal             : exinfo->cbsize             = 232
[LOG] SystemI::createSoundInternal             : exinfo->length             = 965408
[LOG] SystemI::createSoundInternal             : exinfo->fileoffset         = 27360
[LOG] SystemI::createSoundInternal             : exinfo->numsubsounds       = 1
[LOG] SystemI::createSoundInternal             : exinfo->inclusionlist      = 0x70000e74a7bc
[LOG] SystemI::createSoundInternal             : exinfo->inclusionlistnum   = 1
[LOG] SystemI::createSoundInternal             : exinfo->suggestedsoundtype = 5
[LOG] SystemI::createSoundInternal             : exinfo->useropen           = 0x1491fd885
[LOG] SystemI::createSoundInternal             : exinfo->userclose          = 0x1491fd941
[LOG] SystemI::createSoundInternal             : exinfo->userread           = 0x1491fd971
[LOG] SystemI::createSoundInternal             : exinfo->userseek           = 0x1491fda0e
[LOG] SystemI::createSoundInternal             : exinfo->fileuserdata       = 0x14b1ca5a8
[LOG] SystemI::createSoundInternal             : exinfo->initialseekpostype = 1
[LOG] SystemI::DSPCodecPoolRegister            : register codec pool for pool type 5
[LOG] SystemI::createSoundInternal             : Sample 0/1: name='thunk_9', format=2, channels=1, frequency=48000, lengthbytes=7648, lengthpcm=43673, pcmblocksize=0, loopstart=0, loopend=0, mode=0x00000000, channelmask=0x00000000, channelorder=0, peakvolume=0.294189.
[LOG] SystemI::createSoundInternal             : Create name='', mode=0x02000202
[LOG] SystemI::createSoundInternal             : exinfo->cbsize             = 232
[LOG] SystemI::createSoundInternal             : exinfo->length             = 965408
[LOG] SystemI::createSoundInternal             : exinfo->fileoffset         = 27360
[LOG] SystemI::createSoundInternal             : exinfo->numsubsounds       = 1
[LOG] SystemI::createSoundInternal             : exinfo->inclusionlist      = 0x70000e74a7bc
[LOG] SystemI::createSoundInternal             : exinfo->inclusionlistnum   = 1
[LOG] SystemI::createSoundInternal             : exinfo->suggestedsoundtype = 5
[LOG] SystemI::createSoundInternal             : exinfo->useropen           = 0x1491fd885
[LOG] SystemI::createSoundInternal             : exinfo->userclose          = 0x1491fd941
[LOG] SystemI::createSoundInternal             : exinfo->userread           = 0x1491fd971
[LOG] SystemI::createSoundInternal             : exinfo->userseek           = 0x1491fda0e
[LOG] SystemI::createSoundInternal             : exinfo->fileuserdata       = 0x14b1ca5a8
[LOG] SystemI::createSoundInternal             : exinfo->initialseekpostype = 1
[LOG] SystemI::DSPCodecPoolRegister            : register codec pool for pool type 5
[LOG] SystemI::createSoundInternal             : Sample 0/1: name='woom_2', format=2, channels=1, frequency=48000, lengthbytes=13472, lengthpcm=92690, pcmblocksize=0, loopstart=0, loopend=0, mode=0x00000000, channelmask=0x00000000, channelorder=0, peakvolume=0.522888.
[LOG] SystemI::createSoundInternal             : Create name='', mode=0x02000202
[LOG] SystemI::createSoundInternal             : exinfo->cbsize             = 232
[LOG] SystemI::createSoundInternal             : exinfo->length             = 965408
[LOG] SystemI::createSoundInternal             : exinfo->fileoffset         = 27360
[LOG] SystemI::createSoundInternal             : exinfo->numsubsounds       = 1
[LOG] SystemI::createSoundInternal             : exinfo->inclusionlist      = 0x70000e74a7bc
[LOG] SystemI::createSoundInternal             : exinfo->inclusionlistnum   = 1
[LOG] SystemI::createSoundInternal             : exinfo->suggestedsoundtype = 5
[LOG] SystemI::createSoundInternal             : exinfo->useropen           = 0x1491fd885
[LOG] SystemI::createSoundInternal             : exinfo->userclose          = 0x1491fd941
[LOG] SystemI::createSoundInternal             : exinfo->userread           = 0x1491fd971
[LOG] SystemI::createSoundInternal             : exinfo->userseek           = 0x1491fda0e
[LOG] SystemI::createSoundInternal             : exinfo->fileuserdata       = 0x14b1ca5a8
[LOG] SystemI::createSoundInternal             : exinfo->initialseekpostype = 1
[LOG] SystemI::DSPCodecPoolRegister            : register codec pool for pool type 5
[LOG] SystemI::createSoundInternal             : Sample 0/1: name='thunk_6', format=2, channels=1, frequency=48000, lengthbytes=6688, lengthpcm=39173, pcmblocksize=0, loopstart=0, loopend=0, mode=0x00000000, channelmask=0x00000000, channelorder=0, peakvolume=0.584778.
[LOG] SystemI::createSoundInternal             : Create name='', mode=0x02000202
[LOG] SystemI::createSoundInternal             : exinfo->cbsize             = 232
[LOG] SystemI::createSoundInternal             : exinfo->length             = 965408
[LOG] SystemI::createSoundInternal             : exinfo->fileoffset         = 27360
[LOG] SystemI::createSoundInternal             : exinfo->numsubsounds       = 1
[LOG] SystemI::createSoundInternal             : exinfo->inclusionlist      = 0x70000e74a7bc
[LOG] SystemI::createSoundInternal             : exinfo->inclusionlistnum   = 1
[LOG] SystemI::createSoundInternal             : exinfo->suggestedsoundtype = 5
[LOG] SystemI::createSoundInternal             : exinfo->useropen           = 0x1491fd885
[LOG] SystemI::createSoundInternal             : exinfo->userclose          = 0x1491fd941
[LOG] SystemI::createSoundInternal             : exinfo->userread           = 0x1491fd971
[LOG] SystemI::createSoundInternal             : exinfo->userseek           = 0x1491fda0e
[LOG] SystemI::createSoundInternal             : exinfo->fileuserdata       = 0x14b1ca5a8
[LOG] SystemI::createSoundInternal             : exinfo->initialseekpostype = 1
[LOG] SystemI::DSPCodecPoolRegister            : register codec pool for pool type 5
[LOG] SystemI::createSoundInternal             : Sample 0/1: name='knock_low_overdrive_3', format=2, channels=2, frequency=48000, lengthbytes=11040, lengthpcm=41027, pcmblocksize=0, loopstart=0, loopend=0, mode=0x00000000, channelmask=0x00000000, channelorder=0, peakvolume=0.999969.
[LOG] SystemI::createSoundInternal             : Create name='', mode=0x02000202
[LOG] SystemI::createSoundInternal             : exinfo->cbsize             = 232
[LOG] SystemI::createSoundInternal             : exinfo->length             = 965408
[LOG] SystemI::createSoundInternal             : exinfo->fileoffset         = 27360
[LOG] SystemI::createSoundInternal             : exinfo->numsubsounds       = 1
[LOG] SystemI::createSoundInternal             : exinfo->inclusionlist      = 0x70000e74a7bc
[LOG] SystemI::createSoundInternal             : exinfo->inclusionlistnum   = 1
[LOG] SystemI::createSoundInternal             : exinfo->suggestedsoundtype = 5
[LOG] SystemI::createSoundInternal             : exinfo->useropen           = 0x1491fd885
[LOG] SystemI::createSoundInternal             : exinfo->userclose          = 0x1491fd941
[LOG] SystemI::createSoundInternal             : exinfo->userread           = 0x1491fd971
[LOG] SystemI::createSoundInternal             : exinfo->userseek           = 0x1491fda0e
[LOG] SystemI::createSoundInternal             : exinfo->fileuserdata       = 0x14b1ca5a8
[LOG] SystemI::createSoundInternal             : exinfo->initialseekpostype = 1
[LOG] SystemI::DSPCodecPoolRegister            : register codec pool for pool type 5
[LOG] SystemI::createSoundInternal             : Sample 0/1: name='woom_3', format=2, channels=1, frequency=48000, lengthbytes=11552, lengthpcm=99378, pcmblocksize=0, loopstart=0, loopend=0, mode=0x00000000, channelmask=0x00000000, channelorder=0, peakvolume=0.557953.
[LOG] SystemI::createSoundInternal             : Create name='', mode=0x02000202
[LOG] SystemI::createSoundInternal             : exinfo->cbsize             = 232
[LOG] SystemI::createSoundInternal             : exinfo->length             = 965408
[LOG] SystemI::createSoundInternal             : exinfo->fileoffset         = 27360
[LOG] SystemI::createSoundInternal             : exinfo->numsubsounds       = 1
[LOG] SystemI::createSoundInternal             : exinfo->inclusionlist      = 0x70000e74a7bc
[LOG] SystemI::createSoundInternal             : exinfo->inclusionlistnum   = 1
[LOG] SystemI::createSoundInternal             : exinfo->suggestedsoundtype = 5
[LOG] SystemI::createSoundInternal             : exinfo->useropen           = 0x1491fd885
[LOG] SystemI::createSoundInternal             : exinfo->userclose          = 0x1491fd941
[LOG] SystemI::createSoundInternal             : exinfo->userread           = 0x1491fd971
[LOG] SystemI::createSoundInternal             : exinfo->userseek           = 0x1491fda0e
[LOG] SystemI::createSoundInternal             : exinfo->fileuserdata       = 0x14b1ca5a8
[LOG] SystemI::createSoundInternal             : exinfo->initialseekpostype = 1
[LOG] SystemI::DSPCodecPoolRegister            : register codec pool for pool type 5
[LOG] SystemI::createSoundInternal             : Sample 0/1: name='knock_low_overdrive_4', format=2, channels=2, frequency=48000, lengthbytes=11040, lengthpcm=41742, pcmblocksize=0, loopstart=0, loopend=0, mode=0x00000000, channelmask=0x00000000, channelorder=0, peakvolume=0.999969.
[LOG] SystemI::createSoundInternal             : Create name='', mode=0x02000202
[LOG] SystemI::createSoundInternal             : exinfo->cbsize             = 232
[LOG] SystemI::createSoundInternal             : exinfo->length             = 965408
[LOG] SystemI::createSoundInternal             : exinfo->fileoffset         = 27360
[LOG] SystemI::createSoundInternal             : exinfo->numsubsounds       = 1
[LOG] SystemI::createSoundInternal             : exinfo->inclusionlist      = 0x70000e74a7bc
[LOG] SystemI::createSoundInternal             : exinfo->inclusionlistnum   = 1
[LOG] SystemI::createSoundInternal             : exinfo->suggestedsoundtype = 5
[LOG] SystemI::createSoundInternal             : exinfo->useropen           = 0x1491fd885
[LOG] SystemI::createSoundInternal             : exinfo->userclose          = 0x1491fd941
[LOG] SystemI::createSoundInternal             : exinfo->userread           = 0x1491fd971
[LOG] SystemI::createSoundInternal             : exinfo->userseek           = 0x1491fda0e
[LOG] SystemI::createSoundInternal             : exinfo->fileuserdata       = 0x14b1ca5a8
[LOG] SystemI::createSoundInternal             : exinfo->initialseekpostype = 1
[LOG] SystemI::DSPCodecPoolRegister            : register codec pool for pool type 5
[LOG] SystemI::createSoundInternal             : Sample 0/1: name='woom_1', format=2, channels=1, frequency=48000, lengthbytes=12384, lengthpcm=99243, pcmblocksize=0, loopstart=0, loopend=0, mode=0x00000000, channelmask=0x00000000, channelorder=0, peakvolume=0.534790.
[LOG] SystemI::createSoundInternal             : Create name='', mode=0x02000202
[LOG] SystemI::createSoundInternal             : exinfo->cbsize             = 232
[LOG] SystemI::createSoundInternal             : exinfo->length             = 965408
[LOG] SystemI::createSoundInternal             : exinfo->fileoffset         = 27360
[LOG] SystemI::createSoundInternal             : exinfo->numsubsounds       = 1
[LOG] SystemI::createSoundInternal             : exinfo->inclusionlist      = 0x70000e74a7bc
[LOG] SystemI::createSoundInternal             : exinfo->inclusionlistnum   = 1
[LOG] SystemI::createSoundInternal             : exinfo->suggestedsoundtype = 5
[LOG] SystemI::createSoundInternal             : exinfo->useropen           = 0x1491fd885
[LOG] SystemI::createSoundInternal             : exinfo->userclose          = 0x1491fd941
[LOG] SystemI::createSoundInternal             : exinfo->userread           = 0x1491fd971
[LOG] SystemI::createSoundInternal             : exinfo->userseek           = 0x1491fda0e
[LOG] SystemI::createSoundInternal             : exinfo->fileuserdata       = 0x14b1ca5a8
[LOG] SystemI::createSoundInternal             : exinfo->initialseekpostype = 1
[LOG] SystemI::DSPCodecPoolRegister            : register codec pool for pool type 5
[LOG] SystemI::createSoundInternal             : Sample 0/1: name='thunk_3', format=2, channels=1, frequency=48000, lengthbytes=2720, lengthpcm=16004, pcmblocksize=0, loopstart=0, loopend=0, mode=0x00000000, channelmask=0x00000000, channelorder=0, peakvolume=0.734711.
[LOG] SystemI::createSoundInternal             : Create name='', mode=0x02000202
[LOG] SystemI::createSoundInternal             : exinfo->cbsize             = 232
[LOG] SystemI::createSoundInternal             : exinfo->length             = 965408
[LOG] SystemI::createSoundInternal             : exinfo->fileoffset         = 27360
[LOG] SystemI::createSoundInternal             : exinfo->numsubsounds       = 1
[LOG] SystemI::createSoundInternal             : exinfo->inclusionlist      = 0x70000e74a7bc
[LOG] SystemI::createSoundInternal             : exinfo->inclusionlistnum   = 1
[LOG] SystemI::createSoundInternal             : exinfo->suggestedsoundtype = 5
[LOG] SystemI::createSoundInternal             : exinfo->useropen           = 0x1491fd885
[LOG] SystemI::createSoundInternal             : exinfo->userclose          = 0x1491fd941
[LOG] SystemI::createSoundInternal             : exinfo->userread           = 0x1491fd971
[LOG] SystemI::createSoundInternal             : exinfo->userseek           = 0x1491fda0e
[LOG] SystemI::createSoundInternal             : exinfo->fileuserdata       = 0x14b1ca5a8
[LOG] SystemI::createSoundInternal             : exinfo->initialseekpostype = 1
[LOG] SystemI::DSPCodecPoolRegister            : register codec pool for pool type 5
[LOG] SystemI::createSoundInternal             : Sample 0/1: name='knock_low_overdrive_7', format=2, channels=2, frequency=48000, lengthbytes=11040, lengthpcm=40458, pcmblocksize=0, loopstart=0, loopend=0, mode=0x00000000, channelmask=0x00000000, channelorder=0, peakvolume=0.999969.
[LOG] SystemI::createSoundInternal             : Create name='', mode=0x02000202
[LOG] SystemI::createSoundInternal             : exinfo->cbsize             = 232
[LOG] SystemI::createSoundInternal             : exinfo->length             = 965408
[LOG] SystemI::createSoundInternal             : exinfo->fileoffset         = 27360
[LOG] SystemI::createSoundInternal             : exinfo->numsubsounds       = 1
[LOG] SystemI::createSoundInternal             : exinfo->inclusionlist      = 0x70000e74a7bc
[LOG] SystemI::createSoundInternal             : exinfo->inclusionlistnum   = 1
[LOG] SystemI::createSoundInternal             : exinfo->suggestedsoundtype = 5
[LOG] SystemI::createSoundInternal             : exinfo->useropen           = 0x1491fd885
[LOG] SystemI::createSoundInternal             : exinfo->userclose          = 0x1491fd941
[LOG] SystemI::createSoundInternal             : exinfo->userread           = 0x1491fd971
[LOG] SystemI::createSoundInternal             : exinfo->userseek           = 0x1491fda0e
[LOG] SystemI::createSoundInternal             : exinfo->fileuserdata       = 0x14b1ca5a8
[LOG] SystemI::createSoundInternal             : exinfo->initialseekpostype = 1
[LOG] SystemI::DSPCodecPoolRegister            : register codec pool for pool type 5
[LOG] SystemI::createSoundInternal             : Sample 0/1: name='thunk_8', format=2, channels=1, frequency=48000, lengthbytes=6560, lengthpcm=38837, pcmblocksize=0, loopstart=0, loopend=0, mode=0x00000000, channelmask=0x00000000, channelorder=0, peakvolume=0.506836.
[LOG] SystemI::createSoundInternal             : Create name='', mode=0x02000202
[LOG] SystemI::createSoundInternal             : exinfo->cbsize             = 232
[LOG] SystemI::createSoundInternal             : exinfo->length             = 965408
[LOG] SystemI::createSoundInternal             : exinfo->fileoffset         = 27360
[LOG] SystemI::createSoundInternal             : exinfo->numsubsounds       = 1
[LOG] SystemI::createSoundInternal             : exinfo->inclusionlist      = 0x70000e74a7bc
[LOG] SystemI::createSoundInternal             : exinfo->inclusionlistnum   = 1
[LOG] SystemI::createSoundInternal             : exinfo->suggestedsoundtype = 5
[LOG] SystemI::createSoundInternal             : exinfo->useropen           = 0x1491fd885
[LOG] SystemI::createSoundInternal             : exinfo->userclose          = 0x1491fd941
[LOG] SystemI::createSoundInternal             : exinfo->userread           = 0x1491fd971
[LOG] SystemI::createSoundInternal             : exinfo->userseek           = 0x1491fda0e
[LOG] SystemI::createSoundInternal             : exinfo->fileuserdata       = 0x14b1ca5a8
[LOG] SystemI::createSoundInternal             : exinfo->initialseekpostype = 1
[LOG] SystemI::DSPCodecPoolRegister            : register codec pool for pool type 5
[LOG] SystemI::createSoundInternal             : Sample 0/1: name='knock_low_overdrive_6', format=2, channels=2, frequency=48000, lengthbytes=21792, lengthpcm=90410, pcmblocksize=0, loopstart=0, loopend=0, mode=0x00000000, channelmask=0x00000000, channelorder=0, peakvolume=0.999969.
[LOG] SystemI::createSoundInternal             : Create name='', mode=0x02000202
[LOG] SystemI::createSoundInternal             : exinfo->cbsize             = 232
[LOG] SystemI::createSoundInternal             : exinfo->length             = 965408
[LOG] SystemI::createSoundInternal             : exinfo->fileoffset         = 27360
[LOG] SystemI::createSoundInternal             : exinfo->numsubsounds       = 1
[LOG] SystemI::createSoundInternal             : exinfo->inclusionlist      = 0x70000e74a7bc
[LOG] SystemI::createSoundInternal             : exinfo->inclusionlistnum   = 1
[LOG] SystemI::createSoundInternal             : exinfo->suggestedsoundtype = 5
[LOG] SystemI::createSoundInternal             : exinfo->useropen           = 0x1491fd885
[LOG] SystemI::createSoundInternal             : exinfo->userclose          = 0x1491fd941
[LOG] SystemI::createSoundInternal             : exinfo->userread           = 0x1491fd971
[LOG] SystemI::createSoundInternal             : exinfo->userseek           = 0x1491fda0e
[LOG] SystemI::createSoundInternal             : exinfo->fileuserdata       = 0x14b1ca5a8
[LOG] SystemI::createSoundInternal             : exinfo->initialseekpostype = 1
[LOG] SystemI::DSPCodecPoolRegister            : register codec pool for pool type 5
[LOG] SystemI::createSoundInternal             : Sample 0/1: name='woom_4', format=2, channels=1, frequency=48000, lengthbytes=11360, lengthpcm=92681, pcmblocksize=0, loopstart=0, loopend=0, mode=0x00000000, channelmask=0x00000000, channelorder=0, peakvolume=0.624756.
[LOG] SystemI::createSoundInternal             : Create name='', mode=0x02000202
[LOG] SystemI::createSoundInternal             : exinfo->cbsize             = 232
[LOG] SystemI::createSoundInternal             : exinfo->length             = 965408
[LOG] SystemI::createSoundInternal             : exinfo->fileoffset         = 27360
[LOG] SystemI::createSoundInternal             : exinfo->numsubsounds       = 1
[LOG] SystemI::createSoundInternal             : exinfo->inclusionlist      = 0x70000e74a7bc
[LOG] SystemI::createSoundInternal             : exinfo->inclusionlistnum   = 1
[LOG] SystemI::createSoundInternal             : exinfo->suggestedsoundtype = 5
[LOG] SystemI::createSoundInternal             : exinfo->useropen           = 0x1491fd885
[LOG] SystemI::createSoundInternal             : exinfo->userclose          = 0x1491fd941
[LOG] SystemI::createSoundInternal             : exinfo->userread           = 0x1491fd971
[LOG] SystemI::createSoundInternal             : exinfo->userseek           = 0x1491fda0e
[LOG] SystemI::createSoundInternal             : exinfo->fileuserdata       = 0x14b1ca5a8
[LOG] SystemI::createSoundInternal             : exinfo->initialseekpostype = 1
[LOG] SystemI::DSPCodecPoolRegister            : register codec pool for pool type 5
[LOG] SystemI::createSoundInternal             : Sample 0/1: name='knock_low_overdrive_1', format=2, channels=2, frequency=48000, lengthbytes=19744, lengthpcm=80099, pcmblocksize=0, loopstart=0, loopend=0, mode=0x00000000, channelmask=0x00000000, channelorder=0, peakvolume=0.999969.
[LOG] SystemI::createSoundInternal             : Create name='', mode=0x02000202
[LOG] SystemI::createSoundInternal             : exinfo->cbsize             = 232
[LOG] SystemI::createSoundInternal             : exinfo->length             = 965408
[LOG] SystemI::createSoundInternal             : exinfo->fileoffset         = 27360
[LOG] SystemI::createSoundInternal             : exinfo->numsubsounds       = 1
[LOG] SystemI::createSoundInternal             : exinfo->inclusionlist      = 0x70000e74a7bc
[LOG] SystemI::createSoundInternal             : exinfo->inclusionlistnum   = 1
[LOG] SystemI::createSoundInternal             : exinfo->suggestedsoundtype = 5
[LOG] SystemI::createSoundInternal             : exinfo->useropen           = 0x1491fd885
[LOG] SystemI::createSoundInternal             : exinfo->userclose          = 0x1491fd941
[LOG] SystemI::createSoundInternal             : exinfo->userread           = 0x1491fd971
[LOG] SystemI::createSoundInternal             : exinfo->userseek           = 0x1491fda0e
[LOG] SystemI::createSoundInternal             : exinfo->fileuserdata       = 0x14b1ca5a8
[LOG] SystemI::createSoundInternal             : exinfo->initialseekpostype = 1
[LOG] SystemI::DSPCodecPoolRegister            : register codec pool for pool type 5
[LOG] SystemI::createSoundInternal             : Sample 0/1: name='knock_low_overdrive_8', format=2, channels=2, frequency=48000, lengthbytes=10464, lengthpcm=37002, pcmblocksize=0, loopstart=0, loopend=0, mode=0x00000000, channelmask=0x00000000, channelorder=0, peakvolume=0.999969.
[LOG] SystemI::createSoundInternal             : Create name='', mode=0x02000202
[LOG] SystemI::createSoundInternal             : exinfo->cbsize             = 232
[LOG] SystemI::createSoundInternal             : exinfo->length             = 965408
[LOG] SystemI::createSoundInternal             : exinfo->fileoffset         = 27360
[LOG] SystemI::createSoundInternal             : exinfo->numsubsounds       = 1
[LOG] SystemI::createSoundInternal             : exinfo->inclusionlist      = 0x70000e74a7bc
[LOG] SystemI::createSoundInternal             : exinfo->inclusionlistnum   = 1
[LOG] SystemI::createSoundInternal             : exinfo->suggestedsoundtype = 5
[LOG] SystemI::createSoundInternal             : exinfo->useropen           = 0x1491fd885
[LOG] SystemI::createSoundInternal             : exinfo->userclose          = 0x1491fd941
[LOG] SystemI::createSoundInternal             : exinfo->userread           = 0x1491fd971
[LOG] SystemI::createSoundInternal             : exinfo->userseek           = 0x1491fda0e
[LOG] SystemI::createSoundInternal             : exinfo->fileuserdata       = 0x14b1ca5a8
[LOG] SystemI::createSoundInternal             : exinfo->initialseekpostype = 1
[LOG] SystemI::DSPCodecPoolRegister            : register codec pool for pool type 5
[LOG] SystemI::createSoundInternal             : Sample 0/1: name='knock_low_overdrive_5', format=2, channels=2, frequency=48000, lengthbytes=10368, lengthpcm=42464, pcmblocksize=0, loopstart=0, loopend=0, mode=0x00000000, channelmask=0x00000000, channelorder=0, peakvolume=0.999969.
[LOG] SystemI::createSound                     : filename = FMOD/Build/Desktop/Master Bank.bank : mode 02010082
[LOG] SystemI::createSound                     : FMOD_NONBLOCKING specified.  Putting into queue to be opened asynchronously!
[LOG] SystemI::createSound                     : setdata soundi = 0x14ddd48b8 : node = 0x142fb3230
[LOG] SystemI::createSound                     : add node to async list : head = 0x14ff1fe18.  list count = 0
[LOG] AsyncThread::threadFunc                  : Starting Asynchronous operation on sound 0x14ddd48b8
[LOG] SystemI::createSoundInternal             :     Create name='FMOD/Build/Desktop/Master Bank.bank', mode=0x02010082
[LOG] SystemI::createSoundInternal             :     exinfo->cbsize             = 232
[LOG] SystemI::createSoundInternal             :     exinfo->length             = 965408
[LOG] SystemI::createSoundInternal             :     exinfo->fileoffset         = 27360
[LOG] SystemI::createSoundInternal             :     exinfo->numsubsounds       = 1
[LOG] SystemI::createSoundInternal             :     exinfo->inclusionlist      = 0x142fb3348
[LOG] SystemI::createSoundInternal             :     exinfo->inclusionlistnum   = 1
[LOG] SystemI::createSoundInternal             :     exinfo->suggestedsoundtype = 5
[LOG] SystemI::createSoundInternal             :     exinfo->initialseekpostype = 1
[LOG] SystemI::createSoundInternal             :     Stream 0/1: name='magicmovers_gameloop_v1_lp', format=2, channels=2, frequency=48000, lengthbytes=398592, lengthpcm=1466181, pcmblocksize=0, loopstart=0, loopend=0, mode=0x00000000, channelmask=0x00000000, channelorder=0, peakvolume=0.717957.
[LOG] AsyncThread::threadFunc                  : Finished Asynchronous operation on sound 0x14ddd48b8
[LOG] SoundI::getSubSound                      : sound 0x14ddd48b8.  Subsound index 0 / 1
[LOG] SoundI::release                          : magicmovers_gameloop_v1_lp (0x14b20b618)
[LOG] SoundI::release                          :     magicmovers_gameloop_v1_lp (0x1419b9748)
[LOG] SoundI::release                          :     magicmovers_gameloop_v1_lp (0x1419f2dd8)
[LOG] SystemI::createSound                     : filename = FMOD/Build/Desktop/Master Bank.bank : mode 02010082
[LOG] SystemI::createSound                     : FMOD_NONBLOCKING specified.  Putting into queue to be opened asynchronously!
[LOG] SystemI::createSound                     : setdata soundi = 0x1529e1a28 : node = 0x1529251a0
[LOG] SystemI::createSound                     : add node to async list : head = 0x14ff1fe18.  list count = 0
[LOG] AsyncThread::threadFunc                  : Starting Asynchronous operation on sound 0x1529e1a28
[LOG] SystemI::createSoundInternal             :     Create name='FMOD/Build/Desktop/Master Bank.bank', mode=0x02010082
[LOG] SystemI::createSoundInternal             :     exinfo->cbsize             = 232
[LOG] SystemI::createSoundInternal             :     exinfo->length             = 965408
[LOG] SystemI::createSoundInternal             :     exinfo->fileoffset         = 27360
[LOG] SystemI::createSoundInternal             :     exinfo->numsubsounds       = 1
[LOG] SystemI::createSoundInternal             :     exinfo->inclusionlist      = 0x1529252b8
[LOG] SystemI::createSoundInternal             :     exinfo->inclusionlistnum   = 1
[LOG] SystemI::createSoundInternal             :     exinfo->suggestedsoundtype = 5
[LOG] SystemI::createSoundInternal             :     exinfo->initialseekpostype = 1
[LOG] SystemI::createSoundInternal             :     Stream 0/1: name='magicmovers_gameloop_v1_end', format=2, channels=2, frequency=48000, lengthbytes=155936, lengthpcm=570366, pcmblocksize=0, loopstart=0, loopend=0, mode=0x00000000, channelmask=0x00000000, channelorder=0, peakvolume=0.735413.
[LOG] AsyncThread::threadFunc                  : Finished Asynchronous operation on sound 0x1529e1a28
[LOG] SoundI::getSubSound                      : sound 0x1529e1a28.  Subsound index 0 / 1
[LOG] SoundI::release                          : magicmovers_gameloop_v1_lp (0x14ddd48b8)
[LOG] SoundI::release                          :     magicmovers_gameloop_v1_lp (0x14dcc6498)
[LOG] SoundI::release                          :     magicmovers_gameloop_v1_lp (0x1529d3aa8)
[LOG] SoundI::release                          : magicmovers_gameloop_v1_end (0x1529e1a28)
[LOG] SoundI::release                          :     magicmovers_gameloop_v1_end (0x14dde0e38)
[LOG] SoundI::release                          :     magicmovers_gameloop_v1_end (0x14ddf3fa8)
[LOG] SystemI::createSound                     : filename = FMOD/Build/Desktop/Master Bank.bank : mode 02010082
[LOG] SystemI::createSound                     : FMOD_NONBLOCKING specified.  Putting into queue to be opened asynchronously!
[LOG] SystemI::createSound                     : setdata soundi = 0x14fd764c8 : node = 0x14fd02860
[LOG] SystemI::createSound                     : add node to async list : head = 0x14ff1fe18.  list count = 0
[LOG] AsyncThread::threadFunc                  : Starting Asynchronous operation on sound 0x14fd764c8
[LOG] SystemI::createSoundInternal             :     Create name='FMOD/Build/Desktop/Master Bank.bank', mode=0x02010082
[LOG] SystemI::createSoundInternal             :     exinfo->cbsize             = 232
[LOG] SystemI::createSoundInternal             :     exinfo->length             = 965408
[LOG] SystemI::createSoundInternal             :     exinfo->fileoffset         = 27360
[LOG] SystemI::createSoundInternal             :     exinfo->numsubsounds       = 1
[LOG] SystemI::createSoundInternal             :     exinfo->inclusionlist      = 0x14fd02978
[LOG] SystemI::createSoundInternal             :     exinfo->inclusionlistnum   = 1
[LOG] SystemI::createSoundInternal             :     exinfo->suggestedsoundtype = 5
[LOG] SystemI::createSoundInternal             :     exinfo->initialseekpostype = 1
[LOG] SystemI::createSoundInternal             :     Stream 0/1: name='magicmovers_gameloop_v1_lp', format=2, channels=2, frequency=48000, lengthbytes=398592, lengthpcm=1466181, pcmblocksize=0, loopstart=0, loopend=0, mode=0x00000000, channelmask=0x00000000, channelorder=0, peakvolume=0.717957.
[LOG] AsyncThread::threadFunc                  : Finished Asynchronous operation on sound 0x14fd764c8
[LOG] SoundI::getSubSound                      : sound 0x14fd764c8.  Subsound index 0 / 1
[LOG] SoundI::release                          : magicmovers_gameloop_v1_lp (0x14fd764c8)
[LOG] SoundI::release                          :     magicmovers_gameloop_v1_lp (0x14ddf3fa8)
[LOG] SoundI::release                          :     magicmovers_gameloop_v1_lp (0x14ffc96e8)
[LOG] SoundI::release                          :  (0x152963a08)
[LOG] SoundI::release                          :     table_overturned (0x14dcfab68)
[LOG] SoundI::release                          :  (0x1529878a8)
[LOG] SoundI::release                          :     knock_low_overdrive_8 (0x138d1cc88)
[LOG] SoundI::release                          :  (0x14dc44238)
[LOG] SoundI::release                          :     knock_low_overdrive_7 (0x14dc3ca58)
[LOG] SoundI::release                          :  (0x14dcf46b8)
[LOG] SoundI::release                          :     knock_low_overdrive_5 (0x14dcc6308)
[LOG] SoundI::release                          :  (0x1419606e8)
[LOG] SoundI::release                          :     knock_low_overdrive_6 (0x152987718)
[LOG] SoundI::release                          :  (0x152919b98)
[LOG] SoundI::release                          :     knock_low_overdrive_4 (0x1419da438)
[LOG] SoundI::release                          :  (0x141978778)
[LOG] SoundI::release                          :     knock_low_overdrive_3 (0x138d270d8)
[LOG] SoundI::release                          :  (0x14fd7ec18)
[LOG] SoundI::release                          :     knock_low_overdrive_1 (0x14fd7ed88)
[LOG] SoundI::release                          :  (0x148e99ff8)
[LOG] SoundI::release                          :     thunk_9 (0x14fd7e428)
[LOG] SoundI::release                          :  (0x1529229b8)
[LOG] SoundI::release                          :     thunk_8 (0x141960558)
[LOG] SoundI::release                          :  (0x14fda96e8)
[LOG] SoundI::release                          :     thunk_7 (0x148eb06c8)
[LOG] SoundI::release                          :  (0x10f1f8a98)
[LOG] SoundI::release                          :     thunk_6 (0x138da88d8)
[LOG] SoundI::release                          :  (0x15295dff8)
[LOG] SoundI::release                          :     thunk_3 (0x14dcf4ac8)
[LOG] SoundI::release                          :  (0x14fd7e768)
[LOG] SoundI::release                          :     woom_4 (0x14fd7e8d8)
[LOG] SoundI::release                          :  (0x1419a1308)
[LOG] SoundI::release                          :     woom_3 (0x1529e14b8)
[LOG] SoundI::release                          :  (0x152952e68)
[LOG] SoundI::release                          :     woom_2 (0x14dc07698)
[LOG] SoundI::release                          :  (0x14198ae08)
[LOG] SoundI::release                          :     woom_1 (0x14c39a698)
[LOG] Thread::callback                         : FMOD Studio update thread finished.
[LOG] Thread::callback                         : FMOD Studio bank load thread finished.
[LOG] Profile::disconnectAll                   : Profiler disconnecting all clients
[LOG] Thread::callback                         : FMOD Studio sample load thread finished.
[LOG] LiveUpdate::release                      : 
[LOG] LiveUpdate::reset                        : Reset connection (reason Disconnected)
[LOG] Thread::callback                         : FMOD stream thread finished.
[LOG] Thread::callback                         : FMOD mixer thread finished.
[LOG] Profile::disconnectAll                   : Profiler disconnecting all clients
[LOG] SystemI::close                           : Closed.
[LOG] Thread::callback                         : FMOD Studio bank load thread finished.
[LOG] Thread::callback                         : FMOD Studio sample load thread finished.
[LOG] LiveUpdate::release                      : 
[LOG] LiveUpdate::reset                        : Reset connection (reason Disconnected)
[LOG] Thread::callback                         : FMOD stream thread finished.
[LOG] Thread::callback                         : FMOD mixer thread finished.
[LOG] SystemI::close                           : Closed.
